Approve Request - Session: Array
(
    [csrf_token] => 39bd60c003d768b7a230feea3e9eeb5049904cec3f56edec7efbe0c694ee1487
    [logged_in] => 1
    [user] => Array
        (
            [id] => 1
            [student_id] => 
            [email] => admin@usep.edu.ph
            [password] => admin123
            [address] => Tagum City
            [role] => admin
            [full_name] => Gian Glen Vincent Garcia
            [year_section] => 
            [last_activity] => 1747273109
            [ip_address] => ::1
            [user_agent] => Mozilla/5.0 (Windows NT 10.0; Win64; x64) AppleWebKit/537.36 (KHTML, like Gecko) Chrome/136.0.0.0 Safari/537.36
            [has_profile_image] => 
        )

    [submissions] => Array
        (
            [year_section] => 
        )

)

Approve Request - POST Data: Array
(
    [approval_id] => 19
    [action] => approve
)

Approve Request - Session ID: 2dia77ovaso4q4mgt8ajdiq14j
Approve Request - Session: Array
(
    [csrf_token] => 39bd60c003d768b7a230feea3e9eeb5049904cec3f56edec7efbe0c694ee1487
    [logged_in] => 1
    [user] => Array
        (
            [id] => 1
            [student_id] => 
            [email] => admin@usep.edu.ph
            [password] => admin123
            [address] => Tagum City
            [role] => admin
            [full_name] => Gian Glen Vincent Garcia
            [year_section] => 
            [last_activity] => 1747273265
            [ip_address] => ::1
            [user_agent] => Mozilla/5.0 (Windows NT 10.0; Win64; x64) AppleWebKit/537.36 (KHTML, like Gecko) Chrome/136.0.0.0 Safari/537.36
            [has_profile_image] => 
        )

    [submissions] => Array
        (
            [year_section] => 
        )

)

Approve Request - POST Data: Array
(
    [approval_id] => 21
    [action] => approve
)

Approve Request - Session ID: 2dia77ovaso4q4mgt8ajdiq14j
Approve Request - Session: Array
(
    [csrf_token] => 39bd60c003d768b7a230feea3e9eeb5049904cec3f56edec7efbe0c694ee1487
    [logged_in] => 1
    [user] => Array
        (
            [id] => 1
            [student_id] => 
            [email] => admin@usep.edu.ph
            [password] => admin123
            [address] => Tagum City
            [role] => admin
            [full_name] => Gian Glen Vincent Garcia
            [year_section] => 
            [last_activity] => 1747273265
            [ip_address] => ::1
            [user_agent] => Mozilla/5.0 (Windows NT 10.0; Win64; x64) AppleWebKit/537.36 (KHTML, like Gecko) Chrome/136.0.0.0 Safari/537.36
            [has_profile_image] => 
        )

    [submissions] => Array
        (
            [year_section] => 
        )

)

Approve Request - POST Data: Array
(
    [approval_id] => 21
    [action] => approve
)

Approve Request - Session ID: 2dia77ovaso4q4mgt8ajdiq14j
Approve Request - Session: Array
(
    [csrf_token] => a7f516cab6a28c52225cafe1e8fdcd1986182eab9e5665c6ce8d309411d198f0
    [logged_in] => 1
    [user] => Array
        (
            [id] => 1
            [student_id] => 
            [email] => admin@usep.edu.ph
            [password] => admin123
            [address] => Tagum City
            [role] => admin
            [full_name] => Gian Glen Vincent Garcia
            [year_section] => 
            [last_activity] => 1747273252
            [ip_address] => 192.168.199.11
            [user_agent] => Mozilla/5.0 (Linux; Android 14; TECNO KL8 Build/UP1A.231005.007; wv) AppleWebKit/537.36 (KHTML, like Gecko) Version/4.0 Chrome/136.0.7103.60 Mobile Safari/537.36 [FB_IAB/FB4A;FBAV/506.0.0.61.109;]
            [has_profile_image] => 
        )

    [submissions] => Array
        (
            [year_section] => 
        )

)

Approve Request - POST Data: Array
(
    [approval_id] => 21
    [action] => approve
)

Approve Request - Session ID: co91uqtog771kp1l433n5lefoa
Approve Request - Session: Array
(
    [csrf_token] => a7f516cab6a28c52225cafe1e8fdcd1986182eab9e5665c6ce8d309411d198f0
    [logged_in] => 1
    [user] => Array
        (
            [id] => 1
            [student_id] => 
            [email] => admin@usep.edu.ph
            [password] => admin123
            [address] => Tagum City
            [role] => admin
            [full_name] => Gian Glen Vincent Garcia
            [year_section] => 
            [last_activity] => 1747273278
            [ip_address] => 192.168.199.11
            [user_agent] => Mozilla/5.0 (Linux; Android 14; TECNO KL8 Build/UP1A.231005.007; wv) AppleWebKit/537.36 (KHTML, like Gecko) Version/4.0 Chrome/136.0.7103.60 Mobile Safari/537.36 [FB_IAB/FB4A;FBAV/506.0.0.61.109;]
            [has_profile_image] => 
        )

    [submissions] => Array
        (
            [year_section] => 
        )

)

Approve Request - POST Data: Array
(
    [approval_id] => 20
    [action] => approve
)

Approve Request - Session ID: co91uqtog771kp1l433n5lefoa
Approve Request - Session: Array
(
    [csrf_token] => 39bd60c003d768b7a230feea3e9eeb5049904cec3f56edec7efbe0c694ee1487
    [logged_in] => 1
    [user] => Array
        (
            [id] => 1
            [student_id] => 
            [email] => admin@usep.edu.ph
            [password] => admin123
            [address] => Tagum City
            [role] => admin
            [full_name] => Gian Glen Vincent Garcia
            [year_section] => 
            [last_activity] => 1747273277
            [ip_address] => ::1
            [user_agent] => Mozilla/5.0 (Windows NT 10.0; Win64; x64) AppleWebKit/537.36 (KHTML, like Gecko) Chrome/136.0.0.0 Safari/537.36
            [has_profile_image] => 
        )

    [submissions] => Array
        (
            [year_section] => 
        )

)

Approve Request - POST Data: Array
(
    [approval_id] => 20
    [action] => approve
)

Approve Request - Session ID: 2dia77ovaso4q4mgt8ajdiq14j
Approve Request - Session: Array
(
    [csrf_token] => dd9957466d021e0d6a2ffab052ebd62f8533800124bf6f276b75ed1da5539852
    [logged_in] => 1
    [user] => Array
        (
            [id] => 1
            [student_id] => 
            [email] => admin@usep.edu.ph
            [password] => admin123
            [address] => Tagum City
            [role] => admin
            [full_name] => Gian Glen Vincent Garcia
            [year_section] => 
            [last_activity] => 1747273609
            [ip_address] => 192.168.198.162
            [user_agent] => Mozilla/5.0 (Windows NT 10.0; Win64; x64) AppleWebKit/537.36 (KHTML, like Gecko) Chrome/136.0.0.0 Safari/537.36
            [has_profile_image] => 
        )

    [submissions] => Array
        (
            [year_section] => 
        )

)

Approve Request - POST Data: Array
(
    [approval_id] => 22
    [action] => approve
)

Approve Request - Session ID: 3hvojrmlq9bf2ujn1gbp11ddvv
Approve Request - Session: Array
(
    [csrf_token] => 46e0d31325906c4fa5f2d65fb0e25a6441bc1889115ec7b7532b0faef77dadbd
    [logged_in] => 1
    [user] => Array
        (
            [id] => 16
            [student_id] => 2023-00066
            [email] => aumicaroz00066@usep.edu.ph
            [password] => $2y$10$2uytWHvwsGJMHtFZN3P9VeylqyTjUrkylla2m7mwEjzIUffL3t0Ha
            [address] => Unknown
            [role] => user
            [full_name] => Arthur Dale Enrique U. Micaroz
            [year_section] => 
            [last_activity] => 1747295977
            [ip_address] => ::1
            [user_agent] => Mozilla/5.0 (Windows NT 10.0; Win64; x64) AppleWebKit/537.36 (KHTML, like Gecko) Chrome/136.0.0.0 Safari/537.36
            [has_profile_image] => 
            [document_count] => 0
        )

    [submissions] => Array
        (
            [year_section] => 
        )

)

Approve Request - POST Data: Array
(
)

Approve Request - Session ID: dkbuk2sv5qops6cfj5tu89h9kp
Approve Request - Session: Array
(
    [csrf_token] => 92044063df21e4363a38d7e5fd789c18a9a49ef0070d35180acac5d28e710164
    [logged_in] => 1
    [user] => Array
        (
            [id] => 1
            [student_id] => 
            [email] => admin@usep.edu.ph
            [password] => admin123
            [address] => Tagum City
            [role] => admin
            [full_name] => Gian Glen Vincent Garcia
            [year_section] => 
            [last_activity] => 1747296999
            [ip_address] => ::1
            [user_agent] => Mozilla/5.0 (Windows NT 10.0; Win64; x64) AppleWebKit/537.36 (KHTML, like Gecko) Chrome/136.0.0.0 Safari/537.36
            [has_profile_image] => 
        )

    [submissions] => Array
        (
            [year_section] => 
        )

)

Approve Request - POST Data: Array
(
    [approval_id] => 23
    [action] => approve
)

Approve Request - Session ID: pdmt0mdnt5si4jeng598dib6ss
Approve Request - Session: Array
(
    [csrf_token] => 315f96a35bde411bdfcce7eb5d5d325932f07a8803db1708f3f13832f0d651c8
)

Approve Request - POST Data: Array
(
)

Approve Request - Session ID: cdvmi6eds2bokl9bsn2h1vts0v
Approve Request - Session: Array
(
    [csrf_token] => 8b7dbf8e3df76d27e7ef307d1838efbd8e86de336046aa4159ffd13b5fb075dc
    [logged_in] => 1
    [user] => Array
        (
            [id] => 1
            [student_id] => 
            [email] => admin@usep.edu.ph
            [password] => admin123
            [address] => Tagum City
            [role] => admin
            [full_name] => Gian Glen Vincent Garcia
            [year_section] => 
            [last_activity] => 1747297226
            [ip_address] => ::1
            [user_agent] => Mozilla/5.0 (Windows NT 10.0; Win64; x64) AppleWebKit/537.36 (KHTML, like Gecko) Chrome/136.0.0.0 Safari/537.36
            [has_profile_image] => 
        )

    [submissions] => Array
        (
            [year_section] => 
        )

)

Approve Request - POST Data: Array
(
    [approval_id] => 24
    [action] => approve
)

Approve Request - Session ID: 091k2g1i51b3uup4vaesueppl8
Approve Submission - Debug: Array
(
    [session_id] => iij0fsm62nno8k61uvh0m3f0n2
    [session_data] => Array
        (
            [csrf_token] => 737ebdf6191c6fe081cbd34112f7c8a92ab16b71a18fec320627bab21f807539
            [logged_in] => 1
            [user] => Array
                (
                    [id] => 1
                    [student_id] => 
                    [email] => admin@usep.edu.ph
                    [password] => admin123
                    [address] => Tagum City
                    [role] => admin
                    [full_name] => Gian Glen Vincent Garcia
                    [year_section] => 
                    [last_activity] => 1747438236
                    [ip_address] => ::1
                    [user_agent] => Mozilla/5.0 (Windows NT 10.0; Win64; x64) AppleWebKit/537.36 (KHTML, like Gecko) Chrome/136.0.0.0 Safari/537.36
                    [has_profile_image] => 
                )

            [submissions] => Array
                (
                    [year_section] => 
                )

        )

    [post_data] => Array
        (
            [id] => 13
            [csrf_token] => 737ebdf6191c6fe081cbd34112f7c8a92ab16b71a18fec320627bab21f807539
        )

    [session_check] => Array
        (
            [logged_in] => 1
            [user_exists] => 1
            [user_id] => 1
            [user_role] => admin
        )

    [csrf_check] => Array
        (
            [session_csrf] => 737ebdf6191c6fe081cbd34112f7c8a92ab16b71a18fec320627bab21f807539
            [post_csrf] => 737ebdf6191c6fe081cbd34112f7c8a92ab16b71a18fec320627bab21f807539
        )

)

Approve Submission - Debug: Array
(
    [session_id] => bd6mmv8j2e4f1a0nfur3olare1
    [session_data] => Array
        (
            [csrf_token] => 89453a5e956992b7f2ee9847f2b13fe0d770a748827318cbe2b52638ef26b463
            [logged_in] => 1
            [user] => Array
                (
                    [id] => 1
                    [student_id] => 
                    [email] => admin@usep.edu.ph
                    [password] => admin123
                    [address] => Tagum City
                    [role] => admin
                    [full_name] => Gian Glen Vincent Garcia
                    [year_section] => 
                    [last_activity] => 1747443353
                    [ip_address] => ::1
                    [user_agent] => Mozilla/5.0 (Windows NT 10.0; Win64; x64) AppleWebKit/537.36 (KHTML, like Gecko) Chrome/136.0.0.0 Safari/537.36
                    [has_profile_image] => 
                )

            [submissions] => Array
                (
                    [year_section] => 
                )

        )

    [post_data] => Array
        (
            [id] => 14
            [csrf_token] => 89453a5e956992b7f2ee9847f2b13fe0d770a748827318cbe2b52638ef26b463
        )

    [session_check] => Array
        (
            [logged_in] => 1
            [user_exists] => 1
            [user_id] => 1
            [user_role] => admin
        )

    [csrf_check] => Array
        (
            [session_csrf] => 89453a5e956992b7f2ee9847f2b13fe0d770a748827318cbe2b52638ef26b463
            [post_csrf] => 89453a5e956992b7f2ee9847f2b13fe0d770a748827318cbe2b52638ef26b463
        )

)

Approve Request - Session: Array
(
    [csrf_token] => 93cbf0208acbf7d1744c7320f9b8309d304abe545003bae466903d56d4fb8bdf
    [logged_in] => 1
    [user] => Array
        (
            [id] => 1
            [student_id] => 
            [email] => admin@usep.edu.ph
            [password] => admin123
            [address] => Tagum City
            [role] => admin
            [full_name] => Gian Glen Vincent Garcia
            [year_section] => 
            [last_activity] => 1747443782
            [ip_address] => ::1
            [user_agent] => Mozilla/5.0 (Windows NT 10.0; Win64; x64) AppleWebKit/537.36 (KHTML, like Gecko) Chrome/136.0.0.0 Safari/537.36
            [has_profile_image] => 
        )

    [submissions] => Array
        (
            [year_section] => 
        )

)

Approve Request - POST Data: Array
(
    [approval_id] => 26
    [action] => approve
)

Approve Request - Session ID: kkml73skskdp5qdqeil4520cqa
Approve Request - Session: Array
(
    [csrf_token] => 8108465812b0252cb0112b53e58e97c9ed9d490a9bb977b7ee6c95a9b0092363
    [logged_in] => 1
    [user] => Array
        (
            [id] => 1
            [student_id] => 
            [email] => admin@usep.edu.ph
            [password] => admin123
            [address] => Tagum City
            [role] => admin
            [full_name] => Gian Glen Vincent Garcia
            [year_section] => 
            [last_activity] => 1747445138
            [ip_address] => 192.168.0.101
            [user_agent] => Mozilla/5.0 (Windows NT 10.0; Win64; x64) AppleWebKit/537.36 (KHTML, like Gecko) Chrome/136.0.0.0 Safari/537.36
            [has_profile_image] => 
        )

    [submissions] => Array
        (
            [year_section] => 
        )

)

Approve Request - POST Data: Array
(
    [approval_id] => 28
    [action] => approve
)

Approve Request - Session ID: 6drtt7kks056qmvri8ss6ais3v
