Admin View - Session: Array
(
    [csrf_token] => fcd18e1d6a7d2f2c7d38180b151933b2f6bf442646300b00883048256aa95d92
    [logged_in] => 1
    [user] => Array
        (
            [id] => 1
            [student_id] => 
            [email] => admin@usep.edu.ph
            [password] => admin123
            [address] => Tagum City
            [role] => admin
            [full_name] => Gian Glen Vincent Garcia
            [year_section] => 
            [sport] => 
            [campus] => 
            [last_activity] => 1747961080
            [ip_address] => ::1
            [user_agent] => Mozilla/5.0 (Windows NT 10.0; Win64; x64) AppleWebKit/537.36 (KHTML, like Gecko) Chrome/136.0.0.0 Safari/537.36
            [has_profile_image] => 1
        )

    [submissions] => Array
        (
            [year_section] => 
        )

)

Admin View - Session ID: 810bm0sv300e5cdpmqeq8rimjr
Admin View - Session: Array
(
    [csrf_token] => fcd18e1d6a7d2f2c7d38180b151933b2f6bf442646300b00883048256aa95d92
    [logged_in] => 1
    [user] => Array
        (
            [id] => 1
            [student_id] => 
            [email] => admin@usep.edu.ph
            [password] => admin123
            [address] => Tagum City
            [role] => admin
            [full_name] => Gian Glen Vincent Garcia
            [year_section] => 
            [sport] => 
            [campus] => 
            [last_activity] => 1747961080
            [ip_address] => ::1
            [user_agent] => Mozilla/5.0 (Windows NT 10.0; Win64; x64) AppleWebKit/537.36 (KHTML, like Gecko) Chrome/136.0.0.0 Safari/537.36
            [has_profile_image] => 1
        )

    [submissions] => Array
        (
            [year_section] => 
        )

)

Admin View - Session ID: 810bm0sv300e5cdpmqeq8rimjr
Admin View - Session: Array
(
    [csrf_token] => fcd18e1d6a7d2f2c7d38180b151933b2f6bf442646300b00883048256aa95d92
    [logged_in] => 1
    [user] => Array
        (
            [id] => 1
            [student_id] => 
            [email] => admin@usep.edu.ph
            [password] => admin123
            [address] => Tagum City
            [role] => admin
            [full_name] => Gian Glen Vincent Garcia
            [year_section] => 
            [sport] => 
            [campus] => 
            [last_activity] => 1747961082
            [ip_address] => ::1
            [user_agent] => Mozilla/5.0 (Windows NT 10.0; Win64; x64) AppleWebKit/537.36 (KHTML, like Gecko) Chrome/136.0.0.0 Safari/537.36
            [has_profile_image] => 1
        )

    [submissions] => Array
        (
            [year_section] => 
        )

)

Admin View - Session ID: 810bm0sv300e5cdpmqeq8rimjr
Admin View - Session: Array
(
    [csrf_token] => fcd18e1d6a7d2f2c7d38180b151933b2f6bf442646300b00883048256aa95d92
    [logged_in] => 1
    [user] => Array
        (
            [id] => 1
            [student_id] => 
            [email] => admin@usep.edu.ph
            [password] => admin123
            [address] => Tagum City
            [role] => admin
            [full_name] => Gian Glen Vincent Garcia
            [year_section] => 
            [sport] => 
            [campus] => 
            [last_activity] => 1747961089
            [ip_address] => ::1
            [user_agent] => Mozilla/5.0 (Windows NT 10.0; Win64; x64) AppleWebKit/537.36 (KHTML, like Gecko) Chrome/136.0.0.0 Safari/537.36
            [has_profile_image] => 1
        )

    [submissions] => Array
        (
            [year_section] => 
        )

)

Admin View - Session ID: 810bm0sv300e5cdpmqeq8rimjr
Admin View - Session: Array
(
    [csrf_token] => fcd18e1d6a7d2f2c7d38180b151933b2f6bf442646300b00883048256aa95d92
    [logged_in] => 1
    [user] => Array
        (
            [id] => 1
            [student_id] => 
            [email] => admin@usep.edu.ph
            [password] => admin123
            [address] => Tagum City
            [role] => admin
            [full_name] => Gian Glen Vincent Garcia
            [year_section] => 
            [sport] => 
            [campus] => 
            [last_activity] => 1747961093
            [ip_address] => ::1
            [user_agent] => Mozilla/5.0 (Windows NT 10.0; Win64; x64) AppleWebKit/537.36 (KHTML, like Gecko) Chrome/136.0.0.0 Safari/537.36
            [has_profile_image] => 1
        )

    [submissions] => Array
        (
            [year_section] => 
        )

)

Admin View - Session ID: 810bm0sv300e5cdpmqeq8rimjr
Admin View - Session: Array
(
    [csrf_token] => fcd18e1d6a7d2f2c7d38180b151933b2f6bf442646300b00883048256aa95d92
    [logged_in] => 1
    [user] => Array
        (
            [id] => 1
            [student_id] => 
            [email] => admin@usep.edu.ph
            [password] => admin123
            [address] => Tagum City
            [role] => admin
            [full_name] => Gian Glen Vincent Garcia
            [year_section] => 
            [sport] => 
            [campus] => 
            [last_activity] => 1747961097
            [ip_address] => ::1
            [user_agent] => Mozilla/5.0 (Windows NT 10.0; Win64; x64) AppleWebKit/537.36 (KHTML, like Gecko) Chrome/136.0.0.0 Safari/537.36
            [has_profile_image] => 1
        )

    [submissions] => Array
        (
            [year_section] => 
        )

)

Admin View - Session ID: 810bm0sv300e5cdpmqeq8rimjr
Admin View - Session: Array
(
    [csrf_token] => fcd18e1d6a7d2f2c7d38180b151933b2f6bf442646300b00883048256aa95d92
    [logged_in] => 1
    [user] => Array
        (
            [id] => 1
            [student_id] => 
            [email] => admin@usep.edu.ph
            [password] => admin123
            [address] => Tagum City
            [role] => admin
            [full_name] => Gian Glen Vincent Garcia
            [year_section] => 
            [sport] => 
            [campus] => 
            [last_activity] => 1747961118
            [ip_address] => ::1
            [user_agent] => Mozilla/5.0 (Windows NT 10.0; Win64; x64) AppleWebKit/537.36 (KHTML, like Gecko) Chrome/136.0.0.0 Safari/537.36
            [has_profile_image] => 1
        )

    [submissions] => Array
        (
            [year_section] => 
        )

)

Admin View - Session ID: 810bm0sv300e5cdpmqeq8rimjr
Admin View - Session: Array
(
    [csrf_token] => fcd18e1d6a7d2f2c7d38180b151933b2f6bf442646300b00883048256aa95d92
    [logged_in] => 1
    [user] => Array
        (
            [id] => 1
            [student_id] => 
            [email] => admin@usep.edu.ph
            [password] => admin123
            [address] => Tagum City
            [role] => admin
            [full_name] => Gian Glen Vincent Garcia
            [year_section] => 
            [sport] => 
            [campus] => 
            [last_activity] => 1747961362
            [ip_address] => ::1
            [user_agent] => Mozilla/5.0 (Windows NT 10.0; Win64; x64) AppleWebKit/537.36 (KHTML, like Gecko) Chrome/136.0.0.0 Safari/537.36
            [has_profile_image] => 1
        )

    [submissions] => Array
        (
            [year_section] => 
        )

)

Admin View - Session ID: 810bm0sv300e5cdpmqeq8rimjr
Admin View - Session: Array
(
    [csrf_token] => fcd18e1d6a7d2f2c7d38180b151933b2f6bf442646300b00883048256aa95d92
    [logged_in] => 1
    [user] => Array
        (
            [id] => 1
            [student_id] => 
            [email] => admin@usep.edu.ph
            [password] => admin123
            [address] => Tagum City
            [role] => admin
            [full_name] => Gian Glen Vincent Garcia
            [year_section] => 
            [sport] => 
            [campus] => 
            [last_activity] => 1747961372
            [ip_address] => ::1
            [user_agent] => Mozilla/5.0 (Windows NT 10.0; Win64; x64) AppleWebKit/537.36 (KHTML, like Gecko) Chrome/136.0.0.0 Safari/537.36
            [has_profile_image] => 1
        )

    [submissions] => Array
        (
            [year_section] => 
        )

)

Admin View - Session ID: 810bm0sv300e5cdpmqeq8rimjr
Admin View - Session: Array
(
    [csrf_token] => 1f1012634bb9f22b14c420fe740900f954e1f778fcbaf50162e79cbd795587cf
    [logged_in] => 1
    [user] => Array
        (
            [id] => 1
            [student_id] => 
            [email] => admin@usep.edu.ph
            [password] => admin123
            [address] => Tagum City
            [role] => admin
            [full_name] => Gian Glen Vincent Garcia
            [year_section] => 
            [sport] => 
            [campus] => 
            [last_activity] => 1747961459
            [ip_address] => ::1
            [user_agent] => Mozilla/5.0 (Windows NT 10.0; Win64; x64) AppleWebKit/537.36 (KHTML, like Gecko) Chrome/136.0.0.0 Safari/537.36
            [has_profile_image] => 1
        )

    [submissions] => Array
        (
            [year_section] => 
        )

)

Admin View - Session ID: 3o76m7hnqakluic6n92c9mh0j2
Admin View - Session: Array
(
    [csrf_token] => 1f1012634bb9f22b14c420fe740900f954e1f778fcbaf50162e79cbd795587cf
    [logged_in] => 1
    [user] => Array
        (
            [id] => 1
            [student_id] => 
            [email] => admin@usep.edu.ph
            [password] => admin123
            [address] => Tagum City
            [role] => admin
            [full_name] => Gian Glen Vincent Garcia
            [year_section] => 
            [sport] => 
            [campus] => 
            [last_activity] => 1747961459
            [ip_address] => ::1
            [user_agent] => Mozilla/5.0 (Windows NT 10.0; Win64; x64) AppleWebKit/537.36 (KHTML, like Gecko) Chrome/136.0.0.0 Safari/537.36
            [has_profile_image] => 1
        )

    [submissions] => Array
        (
            [year_section] => 
        )

)

Admin View - Session ID: 3o76m7hnqakluic6n92c9mh0j2
Admin View - Session: Array
(
    [csrf_token] => 1f1012634bb9f22b14c420fe740900f954e1f778fcbaf50162e79cbd795587cf
    [logged_in] => 1
    [user] => Array
        (
            [id] => 1
            [student_id] => 
            [email] => admin@usep.edu.ph
            [password] => admin123
            [address] => Tagum City
            [role] => admin
            [full_name] => Gian Glen Vincent Garcia
            [year_section] => 
            [sport] => 
            [campus] => 
            [last_activity] => 1747961463
            [ip_address] => ::1
            [user_agent] => Mozilla/5.0 (Windows NT 10.0; Win64; x64) AppleWebKit/537.36 (KHTML, like Gecko) Chrome/136.0.0.0 Safari/537.36
            [has_profile_image] => 1
        )

    [submissions] => Array
        (
            [year_section] => 
        )

)

Admin View - Session ID: 3o76m7hnqakluic6n92c9mh0j2
Admin View - Session: Array
(
    [csrf_token] => 1f1012634bb9f22b14c420fe740900f954e1f778fcbaf50162e79cbd795587cf
    [logged_in] => 1
    [user] => Array
        (
            [id] => 1
            [student_id] => 
            [email] => admin@usep.edu.ph
            [password] => admin123
            [address] => Tagum City
            [role] => admin
            [full_name] => Gian Glen Vincent Garcia
            [year_section] => 
            [sport] => 
            [campus] => 
            [last_activity] => 1747961539
            [ip_address] => ::1
            [user_agent] => Mozilla/5.0 (Windows NT 10.0; Win64; x64) AppleWebKit/537.36 (KHTML, like Gecko) Chrome/136.0.0.0 Safari/537.36
            [has_profile_image] => 1
        )

    [submissions] => Array
        (
            [year_section] => 
        )

)

Admin View - Session ID: 3o76m7hnqakluic6n92c9mh0j2
Admin View - Session: Array
(
    [csrf_token] => 1f1012634bb9f22b14c420fe740900f954e1f778fcbaf50162e79cbd795587cf
    [logged_in] => 1
    [user] => Array
        (
            [id] => 1
            [student_id] => 
            [email] => admin@usep.edu.ph
            [password] => admin123
            [address] => Tagum City
            [role] => admin
            [full_name] => Gian Glen Vincent Garcia
            [year_section] => 
            [sport] => 
            [campus] => 
            [last_activity] => 1747961950
            [ip_address] => ::1
            [user_agent] => Mozilla/5.0 (Windows NT 10.0; Win64; x64) AppleWebKit/537.36 (KHTML, like Gecko) Chrome/136.0.0.0 Safari/537.36
            [has_profile_image] => 1
        )

    [submissions] => Array
        (
            [year_section] => 
        )

)

Admin View - Session ID: 3o76m7hnqakluic6n92c9mh0j2
Admin View - Session: Array
(
    [csrf_token] => 1f1012634bb9f22b14c420fe740900f954e1f778fcbaf50162e79cbd795587cf
    [logged_in] => 1
    [user] => Array
        (
            [id] => 1
            [student_id] => 
            [email] => admin@usep.edu.ph
            [password] => admin123
            [address] => Tagum City
            [role] => admin
            [full_name] => Gian Glen Vincent Garcia
            [year_section] => 
            [sport] => 
            [campus] => 
            [last_activity] => 1747961963
            [ip_address] => ::1
            [user_agent] => Mozilla/5.0 (Windows NT 10.0; Win64; x64) AppleWebKit/537.36 (KHTML, like Gecko) Chrome/136.0.0.0 Safari/537.36
            [has_profile_image] => 1
        )

    [submissions] => Array
        (
            [year_section] => 
        )

)

Admin View - Session ID: 3o76m7hnqakluic6n92c9mh0j2
Admin View - Session: Array
(
    [csrf_token] => 1f1012634bb9f22b14c420fe740900f954e1f778fcbaf50162e79cbd795587cf
    [logged_in] => 1
    [user] => Array
        (
            [id] => 1
            [student_id] => 
            [email] => admin@usep.edu.ph
            [password] => admin123
            [address] => Tagum City
            [role] => admin
            [full_name] => Gian Glen Vincent Garcia
            [year_section] => 
            [sport] => 
            [campus] => 
            [last_activity] => 1747961964
            [ip_address] => ::1
            [user_agent] => Mozilla/5.0 (Windows NT 10.0; Win64; x64) AppleWebKit/537.36 (KHTML, like Gecko) Chrome/136.0.0.0 Safari/537.36
            [has_profile_image] => 1
        )

    [submissions] => Array
        (
            [year_section] => 
        )

)

Admin View - Session ID: 3o76m7hnqakluic6n92c9mh0j2
Admin View - Session: Array
(
    [csrf_token] => 1f1012634bb9f22b14c420fe740900f954e1f778fcbaf50162e79cbd795587cf
    [logged_in] => 1
    [user] => Array
        (
            [id] => 1
            [student_id] => 
            [email] => admin@usep.edu.ph
            [password] => admin123
            [address] => Tagum City
            [role] => admin
            [full_name] => Gian Glen Vincent Garcia
            [year_section] => 
            [sport] => 
            [campus] => 
            [last_activity] => 1747961967
            [ip_address] => ::1
            [user_agent] => Mozilla/5.0 (Windows NT 10.0; Win64; x64) AppleWebKit/537.36 (KHTML, like Gecko) Chrome/136.0.0.0 Safari/537.36
            [has_profile_image] => 1
        )

    [submissions] => Array
        (
            [year_section] => 
        )

)

Admin View - Session ID: 3o76m7hnqakluic6n92c9mh0j2
Admin View - Session: Array
(
    [csrf_token] => 1f1012634bb9f22b14c420fe740900f954e1f778fcbaf50162e79cbd795587cf
    [logged_in] => 1
    [user] => Array
        (
            [id] => 1
            [student_id] => 
            [email] => admin@usep.edu.ph
            [password] => admin123
            [address] => Tagum City
            [role] => admin
            [full_name] => Gian Glen Vincent Garcia
            [year_section] => 
            [sport] => 
            [campus] => 
            [last_activity] => 1747961987
            [ip_address] => ::1
            [user_agent] => Mozilla/5.0 (Windows NT 10.0; Win64; x64) AppleWebKit/537.36 (KHTML, like Gecko) Chrome/136.0.0.0 Safari/537.36
            [has_profile_image] => 1
        )

    [submissions] => Array
        (
            [year_section] => 
        )

)

Admin View - Session ID: 3o76m7hnqakluic6n92c9mh0j2
Admin View - Session: Array
(
    [csrf_token] => 1f1012634bb9f22b14c420fe740900f954e1f778fcbaf50162e79cbd795587cf
    [logged_in] => 1
    [user] => Array
        (
            [id] => 1
            [student_id] => 
            [email] => admin@usep.edu.ph
            [password] => admin123
            [address] => Tagum City
            [role] => admin
            [full_name] => Gian Glen Vincent Garcia
            [year_section] => 
            [sport] => 
            [campus] => 
            [last_activity] => 1747961993
            [ip_address] => ::1
            [user_agent] => Mozilla/5.0 (Windows NT 10.0; Win64; x64) AppleWebKit/537.36 (KHTML, like Gecko) Chrome/136.0.0.0 Safari/537.36
            [has_profile_image] => 1
        )

    [submissions] => Array
        (
            [year_section] => 
        )

)

Admin View - Session ID: 3o76m7hnqakluic6n92c9mh0j2
Admin View - Session: Array
(
    [csrf_token] => 1f1012634bb9f22b14c420fe740900f954e1f778fcbaf50162e79cbd795587cf
    [logged_in] => 1
    [user] => Array
        (
            [id] => 1
            [student_id] => 
            [email] => admin@usep.edu.ph
            [password] => admin123
            [address] => Tagum City
            [role] => admin
            [full_name] => Gian Glen Vincent Garcia
            [year_section] => 
            [sport] => 
            [campus] => 
            [last_activity] => 1747961998
            [ip_address] => ::1
            [user_agent] => Mozilla/5.0 (Windows NT 10.0; Win64; x64) AppleWebKit/537.36 (KHTML, like Gecko) Chrome/136.0.0.0 Safari/537.36
            [has_profile_image] => 1
        )

    [submissions] => Array
        (
            [year_section] => 
        )

)

Admin View - Session ID: 3o76m7hnqakluic6n92c9mh0j2
Admin View - Session: Array
(
    [csrf_token] => 1f1012634bb9f22b14c420fe740900f954e1f778fcbaf50162e79cbd795587cf
    [logged_in] => 1
    [user] => Array
        (
            [id] => 1
            [student_id] => 
            [email] => admin@usep.edu.ph
            [password] => admin123
            [address] => Tagum City
            [role] => admin
            [full_name] => Gian Glen Vincent Garcia
            [year_section] => 
            [sport] => 
            [campus] => 
            [last_activity] => 1747961999
            [ip_address] => ::1
            [user_agent] => Mozilla/5.0 (Windows NT 10.0; Win64; x64) AppleWebKit/537.36 (KHTML, like Gecko) Chrome/136.0.0.0 Safari/537.36
            [has_profile_image] => 1
        )

    [submissions] => Array
        (
            [year_section] => 
        )

)

Admin View - Session ID: 3o76m7hnqakluic6n92c9mh0j2
Admin View - Session: Array
(
    [csrf_token] => 1f1012634bb9f22b14c420fe740900f954e1f778fcbaf50162e79cbd795587cf
    [logged_in] => 1
    [user] => Array
        (
            [id] => 1
            [student_id] => 
            [email] => admin@usep.edu.ph
            [password] => admin123
            [address] => Tagum City
            [role] => admin
            [full_name] => Gian Glen Vincent Garcia
            [year_section] => 
            [sport] => 
            [campus] => 
            [last_activity] => 1747962079
            [ip_address] => ::1
            [user_agent] => Mozilla/5.0 (Windows NT 10.0; Win64; x64) AppleWebKit/537.36 (KHTML, like Gecko) Chrome/136.0.0.0 Safari/537.36
            [has_profile_image] => 1
        )

    [submissions] => Array
        (
            [year_section] => 
        )

)

Admin View - Session ID: 3o76m7hnqakluic6n92c9mh0j2
Admin View - Session: Array
(
    [csrf_token] => 1f1012634bb9f22b14c420fe740900f954e1f778fcbaf50162e79cbd795587cf
    [logged_in] => 1
    [user] => Array
        (
            [id] => 1
            [student_id] => 
            [email] => admin@usep.edu.ph
            [password] => admin123
            [address] => Tagum City
            [role] => admin
            [full_name] => Gian Glen Vincent Garcia
            [year_section] => 
            [sport] => 
            [campus] => 
            [last_activity] => 1747962157
            [ip_address] => ::1
            [user_agent] => Mozilla/5.0 (Windows NT 10.0; Win64; x64) AppleWebKit/537.36 (KHTML, like Gecko) Chrome/136.0.0.0 Safari/537.36
            [has_profile_image] => 1
        )

    [submissions] => Array
        (
            [year_section] => 
        )

)

Admin View - Session ID: 3o76m7hnqakluic6n92c9mh0j2
Admin View - Session: Array
(
    [csrf_token] => 1f1012634bb9f22b14c420fe740900f954e1f778fcbaf50162e79cbd795587cf
    [logged_in] => 1
    [user] => Array
        (
            [id] => 1
            [student_id] => 
            [email] => admin@usep.edu.ph
            [password] => admin123
            [address] => Tagum City
            [role] => admin
            [full_name] => Gian Glen Vincent Garcia
            [year_section] => 
            [sport] => 
            [campus] => 
            [last_activity] => 1747962167
            [ip_address] => ::1
            [user_agent] => Mozilla/5.0 (Windows NT 10.0; Win64; x64) AppleWebKit/537.36 (KHTML, like Gecko) Chrome/136.0.0.0 Safari/537.36
            [has_profile_image] => 1
        )

    [submissions] => Array
        (
            [year_section] => 
        )

)

Admin View - Session ID: 3o76m7hnqakluic6n92c9mh0j2
Admin View - Session: Array
(
    [csrf_token] => 1f1012634bb9f22b14c420fe740900f954e1f778fcbaf50162e79cbd795587cf
    [logged_in] => 1
    [user] => Array
        (
            [id] => 1
            [student_id] => 
            [email] => admin@usep.edu.ph
            [password] => admin123
            [address] => Tagum City
            [role] => admin
            [full_name] => Gian Glen Vincent Garcia
            [year_section] => 
            [sport] => 
            [campus] => 
            [last_activity] => 1747962176
            [ip_address] => ::1
            [user_agent] => Mozilla/5.0 (Windows NT 10.0; Win64; x64) AppleWebKit/537.36 (KHTML, like Gecko) Chrome/136.0.0.0 Safari/537.36
            [has_profile_image] => 1
        )

    [submissions] => Array
        (
            [year_section] => 
        )

)

Admin View - Session ID: 3o76m7hnqakluic6n92c9mh0j2
Admin View - Session: Array
(
    [csrf_token] => 1f1012634bb9f22b14c420fe740900f954e1f778fcbaf50162e79cbd795587cf
    [logged_in] => 1
    [user] => Array
        (
            [id] => 1
            [student_id] => 
            [email] => admin@usep.edu.ph
            [password] => admin123
            [address] => Tagum City
            [role] => admin
            [full_name] => Gian Glen Vincent Garcia
            [year_section] => 
            [sport] => 
            [campus] => 
            [last_activity] => 1747962180
            [ip_address] => ::1
            [user_agent] => Mozilla/5.0 (Windows NT 10.0; Win64; x64) AppleWebKit/537.36 (KHTML, like Gecko) Chrome/136.0.0.0 Safari/537.36
            [has_profile_image] => 1
        )

    [submissions] => Array
        (
            [year_section] => 
        )

)

Admin View - Session ID: 3o76m7hnqakluic6n92c9mh0j2
Admin View - Session: Array
(
    [csrf_token] => c472d73cd5687a2c82a51b29c054a3b6f880821a9052d6d87fc8fff818d7efbe
    [logged_in] => 1
    [user] => Array
        (
            [id] => 1
            [student_id] => 
            [email] => admin@usep.edu.ph
            [password] => admin123
            [address] => Tagum City
            [role] => admin
            [full_name] => Gian Glen Vincent Garcia
            [year_section] => 
            [sport] => 
            [campus] => 
            [last_activity] => 1747968608
            [ip_address] => ::1
            [user_agent] => Mozilla/5.0 (Windows NT 10.0; Win64; x64) AppleWebKit/537.36 (KHTML, like Gecko) Chrome/136.0.0.0 Safari/537.36
            [has_profile_image] => 1
        )

    [submissions] => Array
        (
            [year_section] => 
        )

)

Admin View - Session ID: ult0kmb3qb6doo8c9d3457r97b
Admin View - Session: Array
(
    [csrf_token] => c472d73cd5687a2c82a51b29c054a3b6f880821a9052d6d87fc8fff818d7efbe
    [logged_in] => 1
    [user] => Array
        (
            [id] => 1
            [student_id] => 
            [email] => admin@usep.edu.ph
            [password] => admin123
            [address] => Tagum City
            [role] => admin
            [full_name] => Gian Glen Vincent Garcia
            [year_section] => 
            [sport] => 
            [campus] => 
            [last_activity] => 1747968608
            [ip_address] => ::1
            [user_agent] => Mozilla/5.0 (Windows NT 10.0; Win64; x64) AppleWebKit/537.36 (KHTML, like Gecko) Chrome/136.0.0.0 Safari/537.36
            [has_profile_image] => 1
        )

    [submissions] => Array
        (
            [year_section] => 
        )

)

Admin View - Session ID: ult0kmb3qb6doo8c9d3457r97b
Admin View - Session: Array
(
    [csrf_token] => c472d73cd5687a2c82a51b29c054a3b6f880821a9052d6d87fc8fff818d7efbe
    [logged_in] => 1
    [user] => Array
        (
            [id] => 1
            [student_id] => 
            [email] => admin@usep.edu.ph
            [password] => admin123
            [address] => Tagum City
            [role] => admin
            [full_name] => Gian Glen Vincent Garcia
            [year_section] => 
            [sport] => 
            [campus] => 
            [last_activity] => 1747968620
            [ip_address] => ::1
            [user_agent] => Mozilla/5.0 (Windows NT 10.0; Win64; x64) AppleWebKit/537.36 (KHTML, like Gecko) Chrome/136.0.0.0 Safari/537.36
            [has_profile_image] => 1
        )

    [submissions] => Array
        (
            [year_section] => 
        )

)

Admin View - Session ID: ult0kmb3qb6doo8c9d3457r97b
Admin View - Session: Array
(
    [csrf_token] => c472d73cd5687a2c82a51b29c054a3b6f880821a9052d6d87fc8fff818d7efbe
    [logged_in] => 1
    [user] => Array
        (
            [id] => 1
            [student_id] => 
            [email] => admin@usep.edu.ph
            [password] => admin123
            [address] => Tagum City
            [role] => admin
            [full_name] => Gian Glen Vincent Garcia
            [year_section] => 
            [sport] => 
            [campus] => 
            [last_activity] => 1747968645
            [ip_address] => ::1
            [user_agent] => Mozilla/5.0 (Windows NT 10.0; Win64; x64) AppleWebKit/537.36 (KHTML, like Gecko) Chrome/136.0.0.0 Safari/537.36
            [has_profile_image] => 1
        )

    [submissions] => Array
        (
            [year_section] => 
        )

)

Admin View - Session ID: ult0kmb3qb6doo8c9d3457r97b
Admin View - Session: Array
(
    [csrf_token] => c472d73cd5687a2c82a51b29c054a3b6f880821a9052d6d87fc8fff818d7efbe
    [logged_in] => 1
    [user] => Array
        (
            [id] => 1
            [student_id] => 
            [email] => admin@usep.edu.ph
            [password] => admin123
            [address] => Tagum City
            [role] => admin
            [full_name] => Gian Glen Vincent Garcia
            [year_section] => 
            [sport] => 
            [campus] => 
            [last_activity] => 1747968648
            [ip_address] => ::1
            [user_agent] => Mozilla/5.0 (Windows NT 10.0; Win64; x64) AppleWebKit/537.36 (KHTML, like Gecko) Chrome/136.0.0.0 Safari/537.36
            [has_profile_image] => 1
        )

    [submissions] => Array
        (
            [year_section] => 
        )

)

Admin View - Session ID: ult0kmb3qb6doo8c9d3457r97b
Admin View - Session: Array
(
    [csrf_token] => c472d73cd5687a2c82a51b29c054a3b6f880821a9052d6d87fc8fff818d7efbe
    [logged_in] => 1
    [user] => Array
        (
            [id] => 1
            [student_id] => 
            [email] => admin@usep.edu.ph
            [password] => admin123
            [address] => Tagum City
            [role] => admin
            [full_name] => Gian Glen Vincent Garcia
            [year_section] => 
            [sport] => 
            [campus] => 
            [last_activity] => 1747968649
            [ip_address] => ::1
            [user_agent] => Mozilla/5.0 (Windows NT 10.0; Win64; x64) AppleWebKit/537.36 (KHTML, like Gecko) Chrome/136.0.0.0 Safari/537.36
            [has_profile_image] => 1
        )

    [submissions] => Array
        (
            [year_section] => 
        )

)

Admin View - Session ID: ult0kmb3qb6doo8c9d3457r97b
Admin View - Session: Array
(
    [csrf_token] => c472d73cd5687a2c82a51b29c054a3b6f880821a9052d6d87fc8fff818d7efbe
    [logged_in] => 1
    [user] => Array
        (
            [id] => 1
            [student_id] => 
            [email] => admin@usep.edu.ph
            [password] => admin123
            [address] => Tagum City
            [role] => admin
            [full_name] => Gian Glen Vincent Garcia
            [year_section] => 
            [sport] => 
            [campus] => 
            [last_activity] => 1747968692
            [ip_address] => ::1
            [user_agent] => Mozilla/5.0 (Windows NT 10.0; Win64; x64) AppleWebKit/537.36 (KHTML, like Gecko) Chrome/136.0.0.0 Safari/537.36
            [has_profile_image] => 1
        )

    [submissions] => Array
        (
            [year_section] => 
        )

)

Admin View - Session ID: ult0kmb3qb6doo8c9d3457r97b
Admin View - Session: Array
(
    [csrf_token] => ceaee83a06747bce331c03b4800e71130b8a46587f6d59f657213c09c30e2fb7
    [logged_in] => 1
    [user] => Array
        (
            [id] => 1
            [student_id] => 
            [email] => admin@usep.edu.ph
            [password] => admin123
            [address] => Tagum City
            [role] => admin
            [full_name] => Gian Glen Vincent Garcia
            [year_section] => 
            [sport] => 
            [campus] => 
            [last_activity] => 1747969544
            [ip_address] => ::1
            [user_agent] => Mozilla/5.0 (Windows NT 10.0; Win64; x64) AppleWebKit/537.36 (KHTML, like Gecko) Chrome/136.0.0.0 Safari/537.36
            [has_profile_image] => 1
        )

    [submissions] => Array
        (
            [year_section] => 
        )

)

Admin View - Session ID: 4fnue1vk6ha1h8r20kf7kf240c
Admin View - Session: Array
(
    [csrf_token] => ceaee83a06747bce331c03b4800e71130b8a46587f6d59f657213c09c30e2fb7
    [logged_in] => 1
    [user] => Array
        (
            [id] => 1
            [student_id] => 
            [email] => admin@usep.edu.ph
            [password] => admin123
            [address] => Tagum City
            [role] => admin
            [full_name] => Gian Glen Vincent Garcia
            [year_section] => 
            [sport] => 
            [campus] => 
            [last_activity] => 1747969544
            [ip_address] => ::1
            [user_agent] => Mozilla/5.0 (Windows NT 10.0; Win64; x64) AppleWebKit/537.36 (KHTML, like Gecko) Chrome/136.0.0.0 Safari/537.36
            [has_profile_image] => 1
        )

    [submissions] => Array
        (
            [year_section] => 
        )

)

Admin View - Session ID: 4fnue1vk6ha1h8r20kf7kf240c
Admin View - Session: Array
(
    [csrf_token] => ceaee83a06747bce331c03b4800e71130b8a46587f6d59f657213c09c30e2fb7
    [logged_in] => 1
    [user] => Array
        (
            [id] => 1
            [student_id] => 
            [email] => admin@usep.edu.ph
            [password] => admin123
            [address] => Tagum City
            [role] => admin
            [full_name] => Gian Glen Vincent Garcia
            [year_section] => 
            [sport] => 
            [campus] => 
            [last_activity] => 1747969547
            [ip_address] => ::1
            [user_agent] => Mozilla/5.0 (Windows NT 10.0; Win64; x64) AppleWebKit/537.36 (KHTML, like Gecko) Chrome/136.0.0.0 Safari/537.36
            [has_profile_image] => 1
        )

    [submissions] => Array
        (
            [year_section] => 
        )

)

Admin View - Session ID: 4fnue1vk6ha1h8r20kf7kf240c
Admin View - Session: Array
(
    [csrf_token] => ceaee83a06747bce331c03b4800e71130b8a46587f6d59f657213c09c30e2fb7
    [logged_in] => 1
    [user] => Array
        (
            [id] => 1
            [student_id] => 
            [email] => admin@usep.edu.ph
            [password] => admin123
            [address] => Tagum City
            [role] => admin
            [full_name] => Gian Glen Vincent Garcia
            [year_section] => 
            [sport] => 
            [campus] => 
            [last_activity] => 1747969605
            [ip_address] => ::1
            [user_agent] => Mozilla/5.0 (Windows NT 10.0; Win64; x64) AppleWebKit/537.36 (KHTML, like Gecko) Chrome/136.0.0.0 Safari/537.36
            [has_profile_image] => 1
        )

    [submissions] => Array
        (
            [year_section] => 
        )

)

Admin View - Session ID: 4fnue1vk6ha1h8r20kf7kf240c
Admin View - Session: Array
(
    [csrf_token] => ceaee83a06747bce331c03b4800e71130b8a46587f6d59f657213c09c30e2fb7
    [logged_in] => 1
    [user] => Array
        (
            [id] => 1
            [student_id] => 
            [email] => admin@usep.edu.ph
            [password] => admin123
            [address] => Tagum City
            [role] => admin
            [full_name] => Gian Glen Vincent Garcia
            [year_section] => 
            [sport] => 
            [campus] => 
            [last_activity] => 1747969608
            [ip_address] => ::1
            [user_agent] => Mozilla/5.0 (Windows NT 10.0; Win64; x64) AppleWebKit/537.36 (KHTML, like Gecko) Chrome/136.0.0.0 Safari/537.36
            [has_profile_image] => 1
        )

    [submissions] => Array
        (
            [year_section] => 
        )

)

Admin View - Session ID: 4fnue1vk6ha1h8r20kf7kf240c
Admin View - Session: Array
(
    [csrf_token] => ceaee83a06747bce331c03b4800e71130b8a46587f6d59f657213c09c30e2fb7
    [logged_in] => 1
    [user] => Array
        (
            [id] => 1
            [student_id] => 
            [email] => admin@usep.edu.ph
            [password] => admin123
            [address] => Tagum City
            [role] => admin
            [full_name] => Gian Glen Vincent Garcia
            [year_section] => 
            [sport] => 
            [campus] => 
            [last_activity] => 1747969620
            [ip_address] => ::1
            [user_agent] => Mozilla/5.0 (Windows NT 10.0; Win64; x64) AppleWebKit/537.36 (KHTML, like Gecko) Chrome/136.0.0.0 Safari/537.36
            [has_profile_image] => 1
        )

    [submissions] => Array
        (
            [year_section] => 
        )

)

Admin View - Session ID: 4fnue1vk6ha1h8r20kf7kf240c
Admin View - Session: Array
(
    [csrf_token] => ceaee83a06747bce331c03b4800e71130b8a46587f6d59f657213c09c30e2fb7
    [logged_in] => 1
    [user] => Array
        (
            [id] => 1
            [student_id] => 
            [email] => admin@usep.edu.ph
            [password] => admin123
            [address] => Tagum City
            [role] => admin
            [full_name] => Gian Glen Vincent Garcia
            [year_section] => 
            [sport] => 
            [campus] => 
            [last_activity] => 1747969623
            [ip_address] => ::1
            [user_agent] => Mozilla/5.0 (Windows NT 10.0; Win64; x64) AppleWebKit/537.36 (KHTML, like Gecko) Chrome/136.0.0.0 Safari/537.36
            [has_profile_image] => 1
        )

    [submissions] => Array
        (
            [year_section] => 
        )

)

Admin View - Session ID: 4fnue1vk6ha1h8r20kf7kf240c
Admin View - Session: Array
(
    [csrf_token] => ceaee83a06747bce331c03b4800e71130b8a46587f6d59f657213c09c30e2fb7
    [logged_in] => 1
    [user] => Array
        (
            [id] => 1
            [student_id] => 
            [email] => admin@usep.edu.ph
            [password] => admin123
            [address] => Tagum City
            [role] => admin
            [full_name] => Gian Glen Vincent Garcia
            [year_section] => 
            [sport] => 
            [campus] => 
            [last_activity] => 1747969623
            [ip_address] => ::1
            [user_agent] => Mozilla/5.0 (Windows NT 10.0; Win64; x64) AppleWebKit/537.36 (KHTML, like Gecko) Chrome/136.0.0.0 Safari/537.36
            [has_profile_image] => 1
        )

    [submissions] => Array
        (
            [year_section] => 
        )

)

Admin View - Session ID: 4fnue1vk6ha1h8r20kf7kf240c
Admin View - Session: Array
(
    [csrf_token] => ceaee83a06747bce331c03b4800e71130b8a46587f6d59f657213c09c30e2fb7
    [logged_in] => 1
    [user] => Array
        (
            [id] => 1
            [student_id] => 
            [email] => admin@usep.edu.ph
            [password] => admin123
            [address] => Tagum City
            [role] => admin
            [full_name] => Gian Glen Vincent Garcia
            [year_section] => 
            [sport] => 
            [campus] => 
            [last_activity] => 1747969623
            [ip_address] => ::1
            [user_agent] => Mozilla/5.0 (Windows NT 10.0; Win64; x64) AppleWebKit/537.36 (KHTML, like Gecko) Chrome/136.0.0.0 Safari/537.36
            [has_profile_image] => 1
        )

    [submissions] => Array
        (
            [year_section] => 
        )

)

Admin View - Session ID: 4fnue1vk6ha1h8r20kf7kf240c
Admin View - Session: Array
(
    [csrf_token] => ceaee83a06747bce331c03b4800e71130b8a46587f6d59f657213c09c30e2fb7
    [logged_in] => 1
    [user] => Array
        (
            [id] => 1
            [student_id] => 
            [email] => admin@usep.edu.ph
            [password] => admin123
            [address] => Tagum City
            [role] => admin
            [full_name] => Gian Glen Vincent Garcia
            [year_section] => 
            [sport] => 
            [campus] => 
            [last_activity] => 1747969624
            [ip_address] => ::1
            [user_agent] => Mozilla/5.0 (Windows NT 10.0; Win64; x64) AppleWebKit/537.36 (KHTML, like Gecko) Chrome/136.0.0.0 Safari/537.36
            [has_profile_image] => 1
        )

    [submissions] => Array
        (
            [year_section] => 
        )

)

Admin View - Session ID: 4fnue1vk6ha1h8r20kf7kf240c
Admin View - Session: Array
(
    [csrf_token] => ceaee83a06747bce331c03b4800e71130b8a46587f6d59f657213c09c30e2fb7
    [logged_in] => 1
    [user] => Array
        (
            [id] => 1
            [student_id] => 
            [email] => admin@usep.edu.ph
            [password] => admin123
            [address] => Tagum City
            [role] => admin
            [full_name] => Gian Glen Vincent Garcia
            [year_section] => 
            [sport] => 
            [campus] => 
            [last_activity] => 1747969625
            [ip_address] => ::1
            [user_agent] => Mozilla/5.0 (Windows NT 10.0; Win64; x64) AppleWebKit/537.36 (KHTML, like Gecko) Chrome/136.0.0.0 Safari/537.36
            [has_profile_image] => 1
        )

    [submissions] => Array
        (
            [year_section] => 
        )

)

Admin View - Session ID: 4fnue1vk6ha1h8r20kf7kf240c
Admin View - Session: Array
(
    [csrf_token] => ceaee83a06747bce331c03b4800e71130b8a46587f6d59f657213c09c30e2fb7
    [logged_in] => 1
    [user] => Array
        (
            [id] => 1
            [student_id] => 
            [email] => admin@usep.edu.ph
            [password] => admin123
            [address] => Tagum City
            [role] => admin
            [full_name] => Gian Glen Vincent Garcia
            [year_section] => 
            [sport] => 
            [campus] => 
            [last_activity] => 1747969625
            [ip_address] => ::1
            [user_agent] => Mozilla/5.0 (Windows NT 10.0; Win64; x64) AppleWebKit/537.36 (KHTML, like Gecko) Chrome/136.0.0.0 Safari/537.36
            [has_profile_image] => 1
        )

    [submissions] => Array
        (
            [year_section] => 
        )

)

Admin View - Session ID: 4fnue1vk6ha1h8r20kf7kf240c
Admin View - Session: Array
(
    [csrf_token] => ceaee83a06747bce331c03b4800e71130b8a46587f6d59f657213c09c30e2fb7
    [logged_in] => 1
    [user] => Array
        (
            [id] => 1
            [student_id] => 
            [email] => admin@usep.edu.ph
            [password] => admin123
            [address] => Tagum City
            [role] => admin
            [full_name] => Gian Glen Vincent Garcia
            [year_section] => 
            [sport] => 
            [campus] => 
            [last_activity] => 1747969627
            [ip_address] => ::1
            [user_agent] => Mozilla/5.0 (Windows NT 10.0; Win64; x64) AppleWebKit/537.36 (KHTML, like Gecko) Chrome/136.0.0.0 Safari/537.36
            [has_profile_image] => 1
        )

    [submissions] => Array
        (
            [year_section] => 
        )

)

Admin View - Session ID: 4fnue1vk6ha1h8r20kf7kf240c
Admin View - Session: Array
(
    [csrf_token] => ceaee83a06747bce331c03b4800e71130b8a46587f6d59f657213c09c30e2fb7
    [logged_in] => 1
    [user] => Array
        (
            [id] => 1
            [student_id] => 
            [email] => admin@usep.edu.ph
            [password] => admin123
            [address] => Tagum City
            [role] => admin
            [full_name] => Gian Glen Vincent Garcia
            [year_section] => 
            [sport] => 
            [campus] => 
            [last_activity] => 1747969629
            [ip_address] => ::1
            [user_agent] => Mozilla/5.0 (Windows NT 10.0; Win64; x64) AppleWebKit/537.36 (KHTML, like Gecko) Chrome/136.0.0.0 Safari/537.36
            [has_profile_image] => 1
        )

    [submissions] => Array
        (
            [year_section] => 
        )

)

Admin View - Session ID: 4fnue1vk6ha1h8r20kf7kf240c
Admin View - Session: Array
(
    [csrf_token] => 53b3d2148387284c10d74308ee0a225cf26fc911ff23e509fd616c7dfb42807c
    [logged_in] => 1
    [user] => Array
        (
            [id] => 1
            [student_id] => 
            [email] => admin@usep.edu.ph
            [password] => admin123
            [address] => Tagum City
            [role] => admin
            [full_name] => Gian Glen Vincent Garcia
            [year_section] => 
            [sport] => 
            [campus] => 
            [last_activity] => 1747970104
            [ip_address] => ::1
            [user_agent] => Mozilla/5.0 (Windows NT 10.0; Win64; x64) AppleWebKit/537.36 (KHTML, like Gecko) Chrome/136.0.0.0 Safari/537.36
            [has_profile_image] => 1
        )

    [submissions] => Array
        (
            [year_section] => 
        )

)

Admin View - Session ID: c2cm05sis3tvaon86niolar1ib
Admin View - Session: Array
(
    [csrf_token] => 53b3d2148387284c10d74308ee0a225cf26fc911ff23e509fd616c7dfb42807c
    [logged_in] => 1
    [user] => Array
        (
            [id] => 1
            [student_id] => 
            [email] => admin@usep.edu.ph
            [password] => admin123
            [address] => Tagum City
            [role] => admin
            [full_name] => Gian Glen Vincent Garcia
            [year_section] => 
            [sport] => 
            [campus] => 
            [last_activity] => 1747970104
            [ip_address] => ::1
            [user_agent] => Mozilla/5.0 (Windows NT 10.0; Win64; x64) AppleWebKit/537.36 (KHTML, like Gecko) Chrome/136.0.0.0 Safari/537.36
            [has_profile_image] => 1
        )

    [submissions] => Array
        (
            [year_section] => 
        )

)

Admin View - Session ID: c2cm05sis3tvaon86niolar1ib
Admin View - Session: Array
(
    [csrf_token] => 53b3d2148387284c10d74308ee0a225cf26fc911ff23e509fd616c7dfb42807c
    [logged_in] => 1
    [user] => Array
        (
            [id] => 1
            [student_id] => 
            [email] => admin@usep.edu.ph
            [password] => admin123
            [address] => Tagum City
            [role] => admin
            [full_name] => Gian Glen Vincent Garcia
            [year_section] => 
            [sport] => 
            [campus] => 
            [last_activity] => 1747970106
            [ip_address] => ::1
            [user_agent] => Mozilla/5.0 (Windows NT 10.0; Win64; x64) AppleWebKit/537.36 (KHTML, like Gecko) Chrome/136.0.0.0 Safari/537.36
            [has_profile_image] => 1
        )

    [submissions] => Array
        (
            [year_section] => 
        )

)

Admin View - Session ID: c2cm05sis3tvaon86niolar1ib
Admin View - Session: Array
(
    [csrf_token] => 53b3d2148387284c10d74308ee0a225cf26fc911ff23e509fd616c7dfb42807c
    [logged_in] => 1
    [user] => Array
        (
            [id] => 1
            [student_id] => 
            [email] => admin@usep.edu.ph
            [password] => admin123
            [address] => Tagum City
            [role] => admin
            [full_name] => Gian Glen Vincent Garcia
            [year_section] => 
            [sport] => 
            [campus] => 
            [last_activity] => 1747970157
            [ip_address] => ::1
            [user_agent] => Mozilla/5.0 (Windows NT 10.0; Win64; x64) AppleWebKit/537.36 (KHTML, like Gecko) Chrome/136.0.0.0 Safari/537.36
            [has_profile_image] => 1
        )

    [submissions] => Array
        (
            [year_section] => 
        )

)

Admin View - Session ID: c2cm05sis3tvaon86niolar1ib
Admin View - Session: Array
(
    [csrf_token] => 53b3d2148387284c10d74308ee0a225cf26fc911ff23e509fd616c7dfb42807c
    [logged_in] => 1
    [user] => Array
        (
            [id] => 1
            [student_id] => 
            [email] => admin@usep.edu.ph
            [password] => admin123
            [address] => Tagum City
            [role] => admin
            [full_name] => Gian Glen Vincent Garcia
            [year_section] => 
            [sport] => 
            [campus] => 
            [last_activity] => 1747970158
            [ip_address] => ::1
            [user_agent] => Mozilla/5.0 (Windows NT 10.0; Win64; x64) AppleWebKit/537.36 (KHTML, like Gecko) Chrome/136.0.0.0 Safari/537.36
            [has_profile_image] => 1
        )

    [submissions] => Array
        (
            [year_section] => 
        )

)

Admin View - Session ID: c2cm05sis3tvaon86niolar1ib
Admin View - Session: Array
(
    [csrf_token] => 53b3d2148387284c10d74308ee0a225cf26fc911ff23e509fd616c7dfb42807c
    [logged_in] => 1
    [user] => Array
        (
            [id] => 1
            [student_id] => 
            [email] => admin@usep.edu.ph
            [password] => admin123
            [address] => Tagum City
            [role] => admin
            [full_name] => Gian Glen Vincent Garcia
            [year_section] => 
            [sport] => 
            [campus] => 
            [last_activity] => 1747970160
            [ip_address] => ::1
            [user_agent] => Mozilla/5.0 (Windows NT 10.0; Win64; x64) AppleWebKit/537.36 (KHTML, like Gecko) Chrome/136.0.0.0 Safari/537.36
            [has_profile_image] => 1
        )

    [submissions] => Array
        (
            [year_section] => 
        )

)

Admin View - Session ID: c2cm05sis3tvaon86niolar1ib
Admin View - Session: Array
(
    [csrf_token] => 53b3d2148387284c10d74308ee0a225cf26fc911ff23e509fd616c7dfb42807c
    [logged_in] => 1
    [user] => Array
        (
            [id] => 1
            [student_id] => 
            [email] => admin@usep.edu.ph
            [password] => admin123
            [address] => Tagum City
            [role] => admin
            [full_name] => Gian Glen Vincent Garcia
            [year_section] => 
            [sport] => 
            [campus] => 
            [last_activity] => 1747970161
            [ip_address] => ::1
            [user_agent] => Mozilla/5.0 (Windows NT 10.0; Win64; x64) AppleWebKit/537.36 (KHTML, like Gecko) Chrome/136.0.0.0 Safari/537.36
            [has_profile_image] => 1
        )

    [submissions] => Array
        (
            [year_section] => 
        )

)

Admin View - Session ID: c2cm05sis3tvaon86niolar1ib
Admin View - Session: Array
(
    [csrf_token] => 53b3d2148387284c10d74308ee0a225cf26fc911ff23e509fd616c7dfb42807c
    [logged_in] => 1
    [user] => Array
        (
            [id] => 1
            [student_id] => 
            [email] => admin@usep.edu.ph
            [password] => admin123
            [address] => Tagum City
            [role] => admin
            [full_name] => Gian Glen Vincent Garcia
            [year_section] => 
            [sport] => 
            [campus] => 
            [last_activity] => 1747970161
            [ip_address] => ::1
            [user_agent] => Mozilla/5.0 (Windows NT 10.0; Win64; x64) AppleWebKit/537.36 (KHTML, like Gecko) Chrome/136.0.0.0 Safari/537.36
            [has_profile_image] => 1
        )

    [submissions] => Array
        (
            [year_section] => 
        )

)

Admin View - Session ID: c2cm05sis3tvaon86niolar1ib
Admin View - Session: Array
(
    [csrf_token] => 53b3d2148387284c10d74308ee0a225cf26fc911ff23e509fd616c7dfb42807c
    [logged_in] => 1
    [user] => Array
        (
            [id] => 1
            [student_id] => 
            [email] => admin@usep.edu.ph
            [password] => admin123
            [address] => Tagum City
            [role] => admin
            [full_name] => Gian Glen Vincent Garcia
            [year_section] => 
            [sport] => 
            [campus] => 
            [last_activity] => 1747970164
            [ip_address] => ::1
            [user_agent] => Mozilla/5.0 (Windows NT 10.0; Win64; x64) AppleWebKit/537.36 (KHTML, like Gecko) Chrome/136.0.0.0 Safari/537.36
            [has_profile_image] => 1
        )

    [submissions] => Array
        (
            [year_section] => 
        )

)

Admin View - Session ID: c2cm05sis3tvaon86niolar1ib
Admin View - Session: Array
(
    [csrf_token] => 53b3d2148387284c10d74308ee0a225cf26fc911ff23e509fd616c7dfb42807c
    [logged_in] => 1
    [user] => Array
        (
            [id] => 1
            [student_id] => 
            [email] => admin@usep.edu.ph
            [password] => admin123
            [address] => Tagum City
            [role] => admin
            [full_name] => Gian Glen Vincent Garcia
            [year_section] => 
            [sport] => 
            [campus] => 
            [last_activity] => 1747970165
            [ip_address] => ::1
            [user_agent] => Mozilla/5.0 (Windows NT 10.0; Win64; x64) AppleWebKit/537.36 (KHTML, like Gecko) Chrome/136.0.0.0 Safari/537.36
            [has_profile_image] => 1
        )

    [submissions] => Array
        (
            [year_section] => 
        )

)

Admin View - Session ID: c2cm05sis3tvaon86niolar1ib
Admin View - Session: Array
(
    [csrf_token] => 53b3d2148387284c10d74308ee0a225cf26fc911ff23e509fd616c7dfb42807c
    [logged_in] => 1
    [user] => Array
        (
            [id] => 1
            [student_id] => 
            [email] => admin@usep.edu.ph
            [password] => admin123
            [address] => Tagum City
            [role] => admin
            [full_name] => Gian Glen Vincent Garcia
            [year_section] => 
            [sport] => 
            [campus] => 
            [last_activity] => 1747970168
            [ip_address] => ::1
            [user_agent] => Mozilla/5.0 (Windows NT 10.0; Win64; x64) AppleWebKit/537.36 (KHTML, like Gecko) Chrome/136.0.0.0 Safari/537.36
            [has_profile_image] => 1
        )

    [submissions] => Array
        (
            [year_section] => 
        )

)

Admin View - Session ID: c2cm05sis3tvaon86niolar1ib
Admin View - Session: Array
(
    [csrf_token] => d511f75ab03cbe76d1802f21f7822cf6a2e9ce6d3efb8a8fc06f56621956f535
    [logged_in] => 1
    [user] => Array
        (
            [id] => 1
            [student_id] => 
            [email] => admin@usep.edu.ph
            [password] => admin123
            [address] => Tagum City
            [role] => admin
            [full_name] => Gian Glen Vincent Garcia
            [year_section] => 
            [sport] => 
            [campus] => 
            [last_activity] => 1747970197
            [ip_address] => ::1
            [user_agent] => Mozilla/5.0 (Windows NT 10.0; Win64; x64) AppleWebKit/537.36 (KHTML, like Gecko) Chrome/136.0.0.0 Safari/537.36
            [has_profile_image] => 1
        )

    [submissions] => Array
        (
            [year_section] => 
        )

)

Admin View - Session ID: 1sppub3cq0qohk94775b3hgjaf
Admin View - Session: Array
(
    [csrf_token] => d511f75ab03cbe76d1802f21f7822cf6a2e9ce6d3efb8a8fc06f56621956f535
    [logged_in] => 1
    [user] => Array
        (
            [id] => 1
            [student_id] => 
            [email] => admin@usep.edu.ph
            [password] => admin123
            [address] => Tagum City
            [role] => admin
            [full_name] => Gian Glen Vincent Garcia
            [year_section] => 
            [sport] => 
            [campus] => 
            [last_activity] => 1747970197
            [ip_address] => ::1
            [user_agent] => Mozilla/5.0 (Windows NT 10.0; Win64; x64) AppleWebKit/537.36 (KHTML, like Gecko) Chrome/136.0.0.0 Safari/537.36
            [has_profile_image] => 1
        )

    [submissions] => Array
        (
            [year_section] => 
        )

)

Admin View - Session ID: 1sppub3cq0qohk94775b3hgjaf
Admin View - Session: Array
(
    [csrf_token] => d511f75ab03cbe76d1802f21f7822cf6a2e9ce6d3efb8a8fc06f56621956f535
    [logged_in] => 1
    [user] => Array
        (
            [id] => 1
            [student_id] => 
            [email] => admin@usep.edu.ph
            [password] => admin123
            [address] => Tagum City
            [role] => admin
            [full_name] => Gian Glen Vincent Garcia
            [year_section] => 
            [sport] => 
            [campus] => 
            [last_activity] => 1747970198
            [ip_address] => ::1
            [user_agent] => Mozilla/5.0 (Windows NT 10.0; Win64; x64) AppleWebKit/537.36 (KHTML, like Gecko) Chrome/136.0.0.0 Safari/537.36
            [has_profile_image] => 1
        )

    [submissions] => Array
        (
            [year_section] => 
        )

)

Admin View - Session ID: 1sppub3cq0qohk94775b3hgjaf
Admin View - Session: Array
(
    [csrf_token] => d511f75ab03cbe76d1802f21f7822cf6a2e9ce6d3efb8a8fc06f56621956f535
    [logged_in] => 1
    [user] => Array
        (
            [id] => 1
            [student_id] => 
            [email] => admin@usep.edu.ph
            [password] => admin123
            [address] => Tagum City
            [role] => admin
            [full_name] => Gian Glen Vincent Garcia
            [year_section] => 
            [sport] => 
            [campus] => 
            [last_activity] => 1747970199
            [ip_address] => ::1
            [user_agent] => Mozilla/5.0 (Windows NT 10.0; Win64; x64) AppleWebKit/537.36 (KHTML, like Gecko) Chrome/136.0.0.0 Safari/537.36
            [has_profile_image] => 1
        )

    [submissions] => Array
        (
            [year_section] => 
        )

)

Admin View - Session ID: 1sppub3cq0qohk94775b3hgjaf
Admin View - Session: Array
(
    [csrf_token] => d511f75ab03cbe76d1802f21f7822cf6a2e9ce6d3efb8a8fc06f56621956f535
    [logged_in] => 1
    [user] => Array
        (
            [id] => 1
            [student_id] => 
            [email] => admin@usep.edu.ph
            [password] => admin123
            [address] => Tagum City
            [role] => admin
            [full_name] => Gian Glen Vincent Garcia
            [year_section] => 
            [sport] => 
            [campus] => 
            [last_activity] => 1747970200
            [ip_address] => ::1
            [user_agent] => Mozilla/5.0 (Windows NT 10.0; Win64; x64) AppleWebKit/537.36 (KHTML, like Gecko) Chrome/136.0.0.0 Safari/537.36
            [has_profile_image] => 1
        )

    [submissions] => Array
        (
            [year_section] => 
        )

)

Admin View - Session ID: 1sppub3cq0qohk94775b3hgjaf
Admin View - Session: Array
(
    [csrf_token] => d511f75ab03cbe76d1802f21f7822cf6a2e9ce6d3efb8a8fc06f56621956f535
    [logged_in] => 1
    [user] => Array
        (
            [id] => 1
            [student_id] => 
            [email] => admin@usep.edu.ph
            [password] => admin123
            [address] => Tagum City
            [role] => admin
            [full_name] => Gian Glen Vincent Garcia
            [year_section] => 
            [sport] => 
            [campus] => 
            [last_activity] => 1747970200
            [ip_address] => ::1
            [user_agent] => Mozilla/5.0 (Windows NT 10.0; Win64; x64) AppleWebKit/537.36 (KHTML, like Gecko) Chrome/136.0.0.0 Safari/537.36
            [has_profile_image] => 1
        )

    [submissions] => Array
        (
            [year_section] => 
        )

)

Admin View - Session ID: 1sppub3cq0qohk94775b3hgjaf
Admin View - Session: Array
(
    [csrf_token] => d511f75ab03cbe76d1802f21f7822cf6a2e9ce6d3efb8a8fc06f56621956f535
    [logged_in] => 1
    [user] => Array
        (
            [id] => 1
            [student_id] => 
            [email] => admin@usep.edu.ph
            [password] => admin123
            [address] => Tagum City
            [role] => admin
            [full_name] => Gian Glen Vincent Garcia
            [year_section] => 
            [sport] => 
            [campus] => 
            [last_activity] => 1747970201
            [ip_address] => ::1
            [user_agent] => Mozilla/5.0 (Windows NT 10.0; Win64; x64) AppleWebKit/537.36 (KHTML, like Gecko) Chrome/136.0.0.0 Safari/537.36
            [has_profile_image] => 1
        )

    [submissions] => Array
        (
            [year_section] => 
        )

)

Admin View - Session ID: 1sppub3cq0qohk94775b3hgjaf
Admin View - Session: Array
(
    [csrf_token] => d511f75ab03cbe76d1802f21f7822cf6a2e9ce6d3efb8a8fc06f56621956f535
    [logged_in] => 1
    [user] => Array
        (
            [id] => 1
            [student_id] => 
            [email] => admin@usep.edu.ph
            [password] => admin123
            [address] => Tagum City
            [role] => admin
            [full_name] => Gian Glen Vincent Garcia
            [year_section] => 
            [sport] => 
            [campus] => 
            [last_activity] => 1747970203
            [ip_address] => ::1
            [user_agent] => Mozilla/5.0 (Windows NT 10.0; Win64; x64) AppleWebKit/537.36 (KHTML, like Gecko) Chrome/136.0.0.0 Safari/537.36
            [has_profile_image] => 1
        )

    [submissions] => Array
        (
            [year_section] => 
        )

)

Admin View - Session ID: 1sppub3cq0qohk94775b3hgjaf
Admin View - Session: Array
(
    [csrf_token] => d511f75ab03cbe76d1802f21f7822cf6a2e9ce6d3efb8a8fc06f56621956f535
    [logged_in] => 1
    [user] => Array
        (
            [id] => 1
            [student_id] => 
            [email] => admin@usep.edu.ph
            [password] => admin123
            [address] => Tagum City
            [role] => admin
            [full_name] => Gian Glen Vincent Garcia
            [year_section] => 
            [sport] => 
            [campus] => 
            [last_activity] => 1747970205
            [ip_address] => ::1
            [user_agent] => Mozilla/5.0 (Windows NT 10.0; Win64; x64) AppleWebKit/537.36 (KHTML, like Gecko) Chrome/136.0.0.0 Safari/537.36
            [has_profile_image] => 1
        )

    [submissions] => Array
        (
            [year_section] => 
        )

)

Admin View - Session ID: 1sppub3cq0qohk94775b3hgjaf
Admin View - Session: Array
(
    [csrf_token] => d511f75ab03cbe76d1802f21f7822cf6a2e9ce6d3efb8a8fc06f56621956f535
    [logged_in] => 1
    [user] => Array
        (
            [id] => 1
            [student_id] => 
            [email] => admin@usep.edu.ph
            [password] => admin123
            [address] => Tagum City
            [role] => admin
            [full_name] => Gian Glen Vincent Garcia
            [year_section] => 
            [sport] => 
            [campus] => 
            [last_activity] => 1747970220
            [ip_address] => ::1
            [user_agent] => Mozilla/5.0 (Windows NT 10.0; Win64; x64) AppleWebKit/537.36 (KHTML, like Gecko) Chrome/136.0.0.0 Safari/537.36
            [has_profile_image] => 1
        )

    [submissions] => Array
        (
            [year_section] => 
        )

)

Admin View - Session ID: 1sppub3cq0qohk94775b3hgjaf
Admin View - Session: Array
(
    [csrf_token] => d511f75ab03cbe76d1802f21f7822cf6a2e9ce6d3efb8a8fc06f56621956f535
    [logged_in] => 1
    [user] => Array
        (
            [id] => 1
            [student_id] => 
            [email] => admin@usep.edu.ph
            [password] => admin123
            [address] => Tagum City
            [role] => admin
            [full_name] => Gian Glen Vincent Garcia
            [year_section] => 
            [sport] => 
            [campus] => 
            [last_activity] => 1747970397
            [ip_address] => ::1
            [user_agent] => Mozilla/5.0 (Windows NT 10.0; Win64; x64) AppleWebKit/537.36 (KHTML, like Gecko) Chrome/136.0.0.0 Safari/537.36
            [has_profile_image] => 1
        )

    [submissions] => Array
        (
            [year_section] => 
        )

)

Admin View - Session ID: 1sppub3cq0qohk94775b3hgjaf
Admin View - Session: Array
(
    [csrf_token] => d511f75ab03cbe76d1802f21f7822cf6a2e9ce6d3efb8a8fc06f56621956f535
    [logged_in] => 1
    [user] => Array
        (
            [id] => 1
            [student_id] => 
            [email] => admin@usep.edu.ph
            [password] => admin123
            [address] => Tagum City
            [role] => admin
            [full_name] => Gian Glen Vincent Garcia
            [year_section] => 
            [sport] => 
            [campus] => 
            [last_activity] => 1747970401
            [ip_address] => ::1
            [user_agent] => Mozilla/5.0 (Windows NT 10.0; Win64; x64) AppleWebKit/537.36 (KHTML, like Gecko) Chrome/136.0.0.0 Safari/537.36
            [has_profile_image] => 1
        )

    [submissions] => Array
        (
            [year_section] => 
        )

)

Admin View - Session ID: 1sppub3cq0qohk94775b3hgjaf
Admin View - Session: Array
(
    [csrf_token] => d511f75ab03cbe76d1802f21f7822cf6a2e9ce6d3efb8a8fc06f56621956f535
    [logged_in] => 1
    [user] => Array
        (
            [id] => 1
            [student_id] => 
            [email] => admin@usep.edu.ph
            [password] => admin123
            [address] => Tagum City
            [role] => admin
            [full_name] => Gian Glen Vincent Garcia
            [year_section] => 
            [sport] => 
            [campus] => 
            [last_activity] => 1747970458
            [ip_address] => ::1
            [user_agent] => Mozilla/5.0 (Windows NT 10.0; Win64; x64) AppleWebKit/537.36 (KHTML, like Gecko) Chrome/136.0.0.0 Safari/537.36
            [has_profile_image] => 1
        )

    [submissions] => Array
        (
            [year_section] => 
        )

)

Admin View - Session ID: 1sppub3cq0qohk94775b3hgjaf
Admin View - Session: Array
(
    [csrf_token] => d511f75ab03cbe76d1802f21f7822cf6a2e9ce6d3efb8a8fc06f56621956f535
    [logged_in] => 1
    [user] => Array
        (
            [id] => 1
            [student_id] => 
            [email] => admin@usep.edu.ph
            [password] => admin123
            [address] => Tagum City
            [role] => admin
            [full_name] => Gian Glen Vincent Garcia
            [year_section] => 
            [sport] => 
            [campus] => 
            [last_activity] => 1747970459
            [ip_address] => ::1
            [user_agent] => Mozilla/5.0 (Windows NT 10.0; Win64; x64) AppleWebKit/537.36 (KHTML, like Gecko) Chrome/136.0.0.0 Safari/537.36
            [has_profile_image] => 1
        )

    [submissions] => Array
        (
            [year_section] => 
        )

)

Admin View - Session ID: 1sppub3cq0qohk94775b3hgjaf
Admin View - Session: Array
(
    [csrf_token] => d511f75ab03cbe76d1802f21f7822cf6a2e9ce6d3efb8a8fc06f56621956f535
    [logged_in] => 1
    [user] => Array
        (
            [id] => 1
            [student_id] => 
            [email] => admin@usep.edu.ph
            [password] => admin123
            [address] => Tagum City
            [role] => admin
            [full_name] => Gian Glen Vincent Garcia
            [year_section] => 
            [sport] => 
            [campus] => 
            [last_activity] => 1747970463
            [ip_address] => ::1
            [user_agent] => Mozilla/5.0 (Windows NT 10.0; Win64; x64) AppleWebKit/537.36 (KHTML, like Gecko) Chrome/136.0.0.0 Safari/537.36
            [has_profile_image] => 1
        )

    [submissions] => Array
        (
            [year_section] => 
        )

)

Admin View - Session ID: 1sppub3cq0qohk94775b3hgjaf
Admin View - Session: Array
(
    [csrf_token] => d511f75ab03cbe76d1802f21f7822cf6a2e9ce6d3efb8a8fc06f56621956f535
    [logged_in] => 1
    [user] => Array
        (
            [id] => 1
            [student_id] => 
            [email] => admin@usep.edu.ph
            [password] => admin123
            [address] => Tagum City
            [role] => admin
            [full_name] => Gian Glen Vincent Garcia
            [year_section] => 
            [sport] => 
            [campus] => 
            [last_activity] => 1747970465
            [ip_address] => ::1
            [user_agent] => Mozilla/5.0 (Windows NT 10.0; Win64; x64) AppleWebKit/537.36 (KHTML, like Gecko) Chrome/136.0.0.0 Safari/537.36
            [has_profile_image] => 1
        )

    [submissions] => Array
        (
            [year_section] => 
        )

)

Admin View - Session ID: 1sppub3cq0qohk94775b3hgjaf
Admin View - Session: Array
(
    [csrf_token] => c3689a2a44bb42f435f999eb520dccf59e36e2f50a3825bf47ab6a276c36dde2
    [logged_in] => 1
    [user] => Array
        (
            [id] => 1
            [student_id] => 
            [email] => admin@usep.edu.ph
            [password] => admin123
            [address] => Tagum City
            [role] => admin
            [full_name] => Gian Glen Vincent Garcia
            [year_section] => 
            [sport] => 
            [campus] => 
            [last_activity] => 1747970809
            [ip_address] => ::1
            [user_agent] => Mozilla/5.0 (Windows NT 10.0; Win64; x64) AppleWebKit/537.36 (KHTML, like Gecko) Chrome/136.0.0.0 Safari/537.36
            [has_profile_image] => 
        )

    [submissions] => Array
        (
            [year_section] => 
        )

)

Admin View - Session ID: qd19pcdnc1g4dkjdsib39r2tb0
Admin View - Session: Array
(
    [csrf_token] => c3689a2a44bb42f435f999eb520dccf59e36e2f50a3825bf47ab6a276c36dde2
    [logged_in] => 1
    [user] => Array
        (
            [id] => 1
            [student_id] => 
            [email] => admin@usep.edu.ph
            [password] => admin123
            [address] => Tagum City
            [role] => admin
            [full_name] => Gian Glen Vincent Garcia
            [year_section] => 
            [sport] => 
            [campus] => 
            [last_activity] => 1747970809
            [ip_address] => ::1
            [user_agent] => Mozilla/5.0 (Windows NT 10.0; Win64; x64) AppleWebKit/537.36 (KHTML, like Gecko) Chrome/136.0.0.0 Safari/537.36
            [has_profile_image] => 
        )

    [submissions] => Array
        (
            [year_section] => 
        )

)

Admin View - Session ID: qd19pcdnc1g4dkjdsib39r2tb0
Admin View - Session: Array
(
    [csrf_token] => c3689a2a44bb42f435f999eb520dccf59e36e2f50a3825bf47ab6a276c36dde2
    [logged_in] => 1
    [user] => Array
        (
            [id] => 1
            [student_id] => 
            [email] => admin@usep.edu.ph
            [password] => admin123
            [address] => Tagum City
            [role] => admin
            [full_name] => Gian Glen Vincent Garcia
            [year_section] => 
            [sport] => 
            [campus] => 
            [last_activity] => 1747970810
            [ip_address] => ::1
            [user_agent] => Mozilla/5.0 (Windows NT 10.0; Win64; x64) AppleWebKit/537.36 (KHTML, like Gecko) Chrome/136.0.0.0 Safari/537.36
            [has_profile_image] => 
        )

    [submissions] => Array
        (
            [year_section] => 
        )

)

Admin View - Session ID: qd19pcdnc1g4dkjdsib39r2tb0
Admin View - Session: Array
(
    [csrf_token] => c3689a2a44bb42f435f999eb520dccf59e36e2f50a3825bf47ab6a276c36dde2
    [logged_in] => 1
    [user] => Array
        (
            [id] => 1
            [student_id] => 
            [email] => admin@usep.edu.ph
            [password] => admin123
            [address] => Tagum City
            [role] => admin
            [full_name] => Gian Glen Vincent Garcia
            [year_section] => 
            [sport] => 
            [campus] => 
            [last_activity] => 1747970812
            [ip_address] => ::1
            [user_agent] => Mozilla/5.0 (Windows NT 10.0; Win64; x64) AppleWebKit/537.36 (KHTML, like Gecko) Chrome/136.0.0.0 Safari/537.36
            [has_profile_image] => 
        )

    [submissions] => Array
        (
            [year_section] => 
        )

)

Admin View - Session ID: qd19pcdnc1g4dkjdsib39r2tb0
Admin View - Session: Array
(
    [csrf_token] => c3689a2a44bb42f435f999eb520dccf59e36e2f50a3825bf47ab6a276c36dde2
    [logged_in] => 1
    [user] => Array
        (
            [id] => 1
            [student_id] => 
            [email] => admin@usep.edu.ph
            [password] => admin123
            [address] => Tagum City
            [role] => admin
            [full_name] => Gian Glen Vincent Garcia
            [year_section] => 
            [sport] => 
            [campus] => 
            [last_activity] => 1747970815
            [ip_address] => ::1
            [user_agent] => Mozilla/5.0 (Windows NT 10.0; Win64; x64) AppleWebKit/537.36 (KHTML, like Gecko) Chrome/136.0.0.0 Safari/537.36
            [has_profile_image] => 
        )

    [submissions] => Array
        (
            [year_section] => 
        )

)

Admin View - Session ID: qd19pcdnc1g4dkjdsib39r2tb0
Admin View - Session: Array
(
    [csrf_token] => c3689a2a44bb42f435f999eb520dccf59e36e2f50a3825bf47ab6a276c36dde2
    [logged_in] => 1
    [user] => Array
        (
            [id] => 1
            [student_id] => 
            [email] => admin@usep.edu.ph
            [password] => admin123
            [address] => Tagum City
            [role] => admin
            [full_name] => Gian Glen Vincent Garcia
            [year_section] => 
            [sport] => 
            [campus] => 
            [last_activity] => 1747970822
            [ip_address] => ::1
            [user_agent] => Mozilla/5.0 (Windows NT 10.0; Win64; x64) AppleWebKit/537.36 (KHTML, like Gecko) Chrome/136.0.0.0 Safari/537.36
            [has_profile_image] => 
        )

    [submissions] => Array
        (
            [year_section] => 
        )

)

Admin View - Session ID: qd19pcdnc1g4dkjdsib39r2tb0
Admin View - Session: Array
(
    [csrf_token] => 9b7a2bab118c46c6d184a6066ef08ef51cc7b9986987629832d898c81443f1b3
    [logged_in] => 1
    [user] => Array
        (
            [id] => 1
            [student_id] => 
            [email] => admin@usep.edu.ph
            [password] => admin123
            [address] => Tagum City
            [role] => admin
            [full_name] => Gian Glen Vincent Garcia
            [year_section] => 
            [sport] => 
            [campus] => 
            [last_activity] => 1747970930
            [ip_address] => ::1
            [user_agent] => Mozilla/5.0 (Windows NT 10.0; Win64; x64) AppleWebKit/537.36 (KHTML, like Gecko) Chrome/136.0.0.0 Safari/537.36
            [has_profile_image] => 
        )

    [submissions] => Array
        (
            [year_section] => 
        )

)

Admin View - Session ID: dgtvl25or5ougur6nm5f9qbojh
Admin View - Session: Array
(
    [csrf_token] => 9b7a2bab118c46c6d184a6066ef08ef51cc7b9986987629832d898c81443f1b3
    [logged_in] => 1
    [user] => Array
        (
            [id] => 1
            [student_id] => 
            [email] => admin@usep.edu.ph
            [password] => admin123
            [address] => Tagum City
            [role] => admin
            [full_name] => Gian Glen Vincent Garcia
            [year_section] => 
            [sport] => 
            [campus] => 
            [last_activity] => 1747970930
            [ip_address] => ::1
            [user_agent] => Mozilla/5.0 (Windows NT 10.0; Win64; x64) AppleWebKit/537.36 (KHTML, like Gecko) Chrome/136.0.0.0 Safari/537.36
            [has_profile_image] => 
        )

    [submissions] => Array
        (
            [year_section] => 
        )

)

Admin View - Session ID: dgtvl25or5ougur6nm5f9qbojh
Admin View - Session: Array
(
    [csrf_token] => 9b7a2bab118c46c6d184a6066ef08ef51cc7b9986987629832d898c81443f1b3
    [logged_in] => 1
    [user] => Array
        (
            [id] => 1
            [student_id] => 
            [email] => admin@usep.edu.ph
            [password] => admin123
            [address] => Tagum City
            [role] => admin
            [full_name] => Gian Glen Vincent Garcia
            [year_section] => 
            [sport] => 
            [campus] => 
            [last_activity] => 1747970931
            [ip_address] => ::1
            [user_agent] => Mozilla/5.0 (Windows NT 10.0; Win64; x64) AppleWebKit/537.36 (KHTML, like Gecko) Chrome/136.0.0.0 Safari/537.36
            [has_profile_image] => 
        )

    [submissions] => Array
        (
            [year_section] => 
        )

)

Admin View - Session ID: dgtvl25or5ougur6nm5f9qbojh
Admin View - Session: Array
(
    [csrf_token] => 9b7a2bab118c46c6d184a6066ef08ef51cc7b9986987629832d898c81443f1b3
    [logged_in] => 1
    [user] => Array
        (
            [id] => 1
            [student_id] => 
            [email] => admin@usep.edu.ph
            [password] => admin123
            [address] => Tagum City
            [role] => admin
            [full_name] => Gian Glen Vincent Garcia
            [year_section] => 
            [sport] => 
            [campus] => 
            [last_activity] => 1747970944
            [ip_address] => ::1
            [user_agent] => Mozilla/5.0 (Windows NT 10.0; Win64; x64) AppleWebKit/537.36 (KHTML, like Gecko) Chrome/136.0.0.0 Safari/537.36
            [has_profile_image] => 
        )

    [submissions] => Array
        (
            [year_section] => 
        )

)

Admin View - Session ID: dgtvl25or5ougur6nm5f9qbojh
Admin View - Session: Array
(
    [csrf_token] => 9b7a2bab118c46c6d184a6066ef08ef51cc7b9986987629832d898c81443f1b3
    [logged_in] => 1
    [user] => Array
        (
            [id] => 1
            [student_id] => 
            [email] => admin@usep.edu.ph
            [password] => admin123
            [address] => Tagum City
            [role] => admin
            [full_name] => Gian Glen Vincent Garcia
            [year_section] => 
            [sport] => 
            [campus] => 
            [last_activity] => 1747970947
            [ip_address] => ::1
            [user_agent] => Mozilla/5.0 (Windows NT 10.0; Win64; x64) AppleWebKit/537.36 (KHTML, like Gecko) Chrome/136.0.0.0 Safari/537.36
            [has_profile_image] => 
        )

    [submissions] => Array
        (
            [year_section] => 
        )

)

Admin View - Session ID: dgtvl25or5ougur6nm5f9qbojh
Admin View - Session: Array
(
    [csrf_token] => 9b7a2bab118c46c6d184a6066ef08ef51cc7b9986987629832d898c81443f1b3
    [logged_in] => 1
    [user] => Array
        (
            [id] => 1
            [student_id] => 
            [email] => admin@usep.edu.ph
            [password] => admin123
            [address] => Tagum City
            [role] => admin
            [full_name] => Gian Glen Vincent Garcia
            [year_section] => 
            [sport] => 
            [campus] => 
            [last_activity] => 1747970949
            [ip_address] => ::1
            [user_agent] => Mozilla/5.0 (Windows NT 10.0; Win64; x64) AppleWebKit/537.36 (KHTML, like Gecko) Chrome/136.0.0.0 Safari/537.36
            [has_profile_image] => 
        )

    [submissions] => Array
        (
            [year_section] => 
        )

)

Admin View - Session ID: dgtvl25or5ougur6nm5f9qbojh
Admin View - Session: Array
(
    [csrf_token] => 9b7a2bab118c46c6d184a6066ef08ef51cc7b9986987629832d898c81443f1b3
    [logged_in] => 1
    [user] => Array
        (
            [id] => 1
            [student_id] => 
            [email] => admin@usep.edu.ph
            [password] => admin123
            [address] => Tagum City
            [role] => admin
            [full_name] => Gian Glen Vincent Garcia
            [year_section] => 
            [sport] => 
            [campus] => 
            [last_activity] => 1747970953
            [ip_address] => ::1
            [user_agent] => Mozilla/5.0 (Windows NT 10.0; Win64; x64) AppleWebKit/537.36 (KHTML, like Gecko) Chrome/136.0.0.0 Safari/537.36
            [has_profile_image] => 
        )

    [submissions] => Array
        (
            [year_section] => 
        )

)

Admin View - Session ID: dgtvl25or5ougur6nm5f9qbojh
Admin View - Session: Array
(
    [csrf_token] => 5b8afc40eeb617276a9b4dce5857bf8d21993a971e3ba01a71587308498d8ad9
    [logged_in] => 1
    [user] => Array
        (
            [id] => 1
            [student_id] => 
            [email] => admin@usep.edu.ph
            [password] => admin123
            [address] => Tagum City
            [role] => admin
            [full_name] => Gian Glen Vincent Garcia
            [year_section] => 
            [sport] => 
            [campus] => 
            [last_activity] => 1747971092
            [ip_address] => ::1
            [user_agent] => Mozilla/5.0 (Windows NT 10.0; Win64; x64) AppleWebKit/537.36 (KHTML, like Gecko) Chrome/136.0.0.0 Safari/537.36
            [has_profile_image] => 1
        )

    [submissions] => Array
        (
            [year_section] => 
        )

)

Admin View - Session ID: kksdr97gp2dscbv8s39u1ghfka
Admin View - Session: Array
(
    [csrf_token] => 5b8afc40eeb617276a9b4dce5857bf8d21993a971e3ba01a71587308498d8ad9
    [logged_in] => 1
    [user] => Array
        (
            [id] => 1
            [student_id] => 
            [email] => admin@usep.edu.ph
            [password] => admin123
            [address] => Tagum City
            [role] => admin
            [full_name] => Gian Glen Vincent Garcia
            [year_section] => 
            [sport] => 
            [campus] => 
            [last_activity] => 1747971092
            [ip_address] => ::1
            [user_agent] => Mozilla/5.0 (Windows NT 10.0; Win64; x64) AppleWebKit/537.36 (KHTML, like Gecko) Chrome/136.0.0.0 Safari/537.36
            [has_profile_image] => 1
        )

    [submissions] => Array
        (
            [year_section] => 
        )

)

Admin View - Session ID: kksdr97gp2dscbv8s39u1ghfka
Admin View - Session: Array
(
    [csrf_token] => 5b8afc40eeb617276a9b4dce5857bf8d21993a971e3ba01a71587308498d8ad9
    [logged_in] => 1
    [user] => Array
        (
            [id] => 1
            [student_id] => 
            [email] => admin@usep.edu.ph
            [password] => admin123
            [address] => Tagum City
            [role] => admin
            [full_name] => Gian Glen Vincent Garcia
            [year_section] => 
            [sport] => 
            [campus] => 
            [last_activity] => 1747971094
            [ip_address] => ::1
            [user_agent] => Mozilla/5.0 (Windows NT 10.0; Win64; x64) AppleWebKit/537.36 (KHTML, like Gecko) Chrome/136.0.0.0 Safari/537.36
            [has_profile_image] => 1
        )

    [submissions] => Array
        (
            [year_section] => 
        )

)

Admin View - Session ID: kksdr97gp2dscbv8s39u1ghfka
Admin View - Session: Array
(
    [csrf_token] => 5b8afc40eeb617276a9b4dce5857bf8d21993a971e3ba01a71587308498d8ad9
    [logged_in] => 1
    [user] => Array
        (
            [id] => 1
            [student_id] => 
            [email] => admin@usep.edu.ph
            [password] => admin123
            [address] => Tagum City
            [role] => admin
            [full_name] => Gian Glen Vincent Garcia
            [year_section] => 
            [sport] => 
            [campus] => 
            [last_activity] => 1747971105
            [ip_address] => ::1
            [user_agent] => Mozilla/5.0 (Windows NT 10.0; Win64; x64) AppleWebKit/537.36 (KHTML, like Gecko) Chrome/136.0.0.0 Safari/537.36
            [has_profile_image] => 1
        )

    [submissions] => Array
        (
            [year_section] => 
        )

)

Admin View - Session ID: kksdr97gp2dscbv8s39u1ghfka
Admin View - Session: Array
(
    [csrf_token] => 68fc953327efdce1662e4539e95b2252d3a1a4db03a7b7812d6daec060793ac3
    [logged_in] => 1
    [user] => Array
        (
            [id] => 1
            [student_id] => 
            [email] => admin@usep.edu.ph
            [password] => admin123
            [address] => Tagum City
            [role] => admin
            [full_name] => Gian Glen Vincent Garcia
            [year_section] => 
            [sport] => 
            [campus] => 
            [last_activity] => 1747971810
            [ip_address] => ::1
            [user_agent] => Mozilla/5.0 (Windows NT 10.0; Win64; x64) AppleWebKit/537.36 (KHTML, like Gecko) Chrome/136.0.0.0 Safari/537.36
            [has_profile_image] => 1
        )

    [submissions] => Array
        (
            [year_section] => 
        )

)

Admin View - Session ID: l5nl09egg1vacsqaovd270ok10
Admin View - Session: Array
(
    [csrf_token] => 68fc953327efdce1662e4539e95b2252d3a1a4db03a7b7812d6daec060793ac3
    [logged_in] => 1
    [user] => Array
        (
            [id] => 1
            [student_id] => 
            [email] => admin@usep.edu.ph
            [password] => admin123
            [address] => Tagum City
            [role] => admin
            [full_name] => Gian Glen Vincent Garcia
            [year_section] => 
            [sport] => 
            [campus] => 
            [last_activity] => 1747971810
            [ip_address] => ::1
            [user_agent] => Mozilla/5.0 (Windows NT 10.0; Win64; x64) AppleWebKit/537.36 (KHTML, like Gecko) Chrome/136.0.0.0 Safari/537.36
            [has_profile_image] => 1
        )

    [submissions] => Array
        (
            [year_section] => 
        )

)

Admin View - Session ID: l5nl09egg1vacsqaovd270ok10
